NGC0224      157.510
NGC4594      230.910
NGC4736      107.760
NGC4472      281.280
NGC1316      224.540
NGC1068      176.290
NGC4649      329.050
IC0356      158.840
NGC4382      175.420
NGC2974      235.290
NGC4501      166.930
NGC4374      275.200
NGC3923      249.170
NGC2663      284.170
NGC5746      183.480
NGC1380      211.010
NGC0488      189.380
NGC5078      178.170
NGC0524      236.640
NGC4696      243.680
NGC3557      255.840
NGC7049      246.810
NGC5322      230.190
NGC6868      251.720
NGC5101      190.370
NGC0772      128.010
NGC3147      224.620
NGC5266      199.140
IC4296      329.480
NGC5090      257.590
NGC5353      283.870
NGC3223      154.720
NGC5419      348.440
NGC4373      237.110
NGC6861      414.000
NGC5018      208.190
NGC3250      253.100
NGC6876      229.030
NGC5371      179.920
NGC4936      278.210
NGC1961      243.540
IC3370      195.810
NGC3706      255.650
ESO185-054      268.220
NGC0315      292.360
NGC5064      192.250
NGC7619      316.290
NGC7626      268.390
NGC1600      331.820
NGC1700      233.300
NGC5557      259.820
NGC1453      326.210
NGC3091      312.840
IC4329      293.640
NGC5011      245.170
NGC4782      307.630
IC4765      279.060
NGC1060      287.880
ESO137-008      282.370
NGC4767      208.470
ESO137-006      368.170
NGC2258      287.280
NGC5908      145.670
NGC1589      191.280
NGC0890      209.940
NGC1129      325.250
NGC5516      309.010
NGC1275      243.290
NGC0741      286.770
NGC7562      253.160
NGC3311      178.990
NGC6482      319.270
NGC0507      291.900
NGC0777      314.450
NGC2672      261.710
NGC0410      290.960
NGC4645A      218.240
NGC4645      187.450
NGC0547      253.310
ESO445-002      253.800
IC1633      356.580
NGC7785      253.100
ESO323-034      232.850
ESO137-010      221.730
IC5105      303.030
NGC5328      314.600
NGC6660      232.460
IC4742      218.220
ESO443-024      276.070
NGC0128      211.310
NGC4825      307.610
IC4991      248.310
NGC1573      288.810
PGC059108      488.650
NGC7052      280.680
PGC046029      141.790
NGC0750      207.610
NGC4650      135.070
IC0947      139.350
NGC3646      153.990
NGC4760      251.630
NGC0533      271.900
NGC1016      292.360
NGC2693      342.660
NGC1167      204.290
NGC1200      203.600
NGC4761      249.510
ESO069-014      234.000
NGC0050      264.240
NGC0266      229.830
IC4200      200.790
NGC4912      223.800
IC4931      288.460
NGC2274      295.120
NGC6407      267.260
NGC0057      309.170
NGC0521      211.810
NGC1521      236.370
NGC7265      257.630
IC4329A      226.550
NGC2256      221.310
NGC6183      250.420
NGC0439      218.230
NGC1272      290.750
NGC4786      286.980
IC4798      214.650
NGC1684      291.900
NGC0499      254.860
NGC6848      182.230
NGC2832      325.620
NGC2513      272.930
NGC5532      277.810
ESO269-057      158.910
NGC2554      187.170
ESO462-015      290.530
IC3986      280.320
NGC2320      314.260
NGC3158      329.640
NGC0665      179.340
NGC6841      268.740
UGC12591      286.680
IC4956      236.470
IC1392      238.290
ESO507-045      310.740
NGC1045      312.610
ESO013-012      127.060
NGC5302      222.510
NGC6816      292.860
NGC7550      255.460
NGC6935      133.680
NGC7469      133.000
NGC0883      305.190
ESO197-010      258.750
IC0171      182.520
NGC2340      244.550
NGC3411      317.090
ESO138-029      177.460
NGC5490      274.090
ESO267-011      179.930
NGC5357      204.650
ESO268-004      286.860
NGC7341      172.730
ESO137-024      254.100
NGC7618      297.850
NGC0080      247.680
NGC2418      246.750
NGC6653      217.060
NGC6812      238.230
ESO137-007      214.010
NGC2563      266.460
NGC2208      224.820
NGC5111      270.400
NGC5739      341.100
NGC1218      264.570
NGC5306      297.800
NGC6776      206.840
NGC6251      314.050
NGC0467      233.510
NGC6240      335.510
NGC1490      269.140
NGC6619      239.330
NGC7782      187.450
NGC7680      282.940
NGC5028      328.090
UGC03374      69.3500
NGC0484      233.860
ESO197-021      263.030
NGC0227      249.840
NGC1278      259.590
IC0310      224.870
NGC6688      240.410
ESO282-024      291.630
NGC7436      346.700
NGC5959      292.170
UGC03683      290.860
NGC7330      259.420
3C075      298.830
NGC7014      291.060
NGC4555      349.950
NGC1226      271.230
NGC1175      227.310
NGC6502      245.470
NGC6557      229.400
IC1812      226.630
NGC0349      92.4400
NGC5146      314.050
NGC7274      296.010
UGC02783      299.230
NGC0910      244.280
UGC12620      358.920
NGC0393      232.810
IC4350      288.400
NGC0083      249.890
NGC5129      264.770
NGC4841A      240.670
NGC6487      297.830
NGC3805      282.710
NGC0641      253.210
IC0270      267.070
NGC7603      191.620
IC1860      243.220
IC1625      230.320
NGC1132      235.610
NGC4789      266.770
NGC3562      252.690
NGC5546      270.860
NGC2329      233.880
NGC2783      289.040
NGC3209      303.390
NGC7556      267.860
ESO461-007      284.160
NGC2892      304.090
NGC7768      291.560
NGC2332      228.660
UGC10097      285.780
IC2437      232.270
NGC6173      262.290
UGC03894      304.090
PGC031755      284.480
UGC03506      220.290
IC0724      232.680
NGC3462      217.660
NGC0323      346.620
NGC6375      219.790
NGC6269      321.450
ESO575-043      231.500
NGC6338      348.390
NGC1671      215.930
UGC03840      318.420
NGC5883      287.150
NGC1497      248.890
NGC4839      277.880
NGC6849      203.770
UGC03792      184.130
NGC5626      245.850
NGC7386      289.160
ESO510-009      325.840
NGC7832      224.510
NGC3332      221.310
IC0260      329.320
NGC3615      259.470
IC5086      221.820
ESO511-023      245.480
NGC5094      349.950
NGC3937      308.010
NGC4227      266.250
NGC5223      179.190
NGC6146      268.010
ESO466-021      229.420
IC4562      263.630
NGC0312      256.540
NGC6924      236.050
NGC7002      250.620
NGC0794      259.210
ESO425-019      248.590
NGC3884      208.890
NGC2303      257.630
ESO327-023      267.920
NGC0863      187.110
NGC6051      332.500
NGC7824      274.270
NGC2488      314.770
NGC4921      182.230
NGC6575      306.200
ESO264-024      230.300
ESO153-003      249.460
NGC6137      286.320
NGC6442      239.760
IC1609      209.890
NGC0810      258.970
PGC056180      231.930
NGC5203      227.830
NGC2918      258.230
ESO264-031      249.530
ESO460-004      319.150
NGC2492      242.660
IC1531      224.060
NGC5654      220.850
NGC5718      208.800
NGC5745      157.430
PGC027509      199.220
PGC029675      276.260
NGC2205      254.760
NGC6521      271.640
IC0362      253.310
NGC3121      254.500
PGC075312      222.150
ESO325-004      344.220
NGC2720      319.150
ESO575-013      286.720
NGC6048      297.850
NGC6107      240.920
NGC7761      162.180
NGC7777      281.840
NGC5329      242.950
IC1803      374.500
NGC6508      316.960
NGC4065      257.760
NGC5400      360.630
NGC3886      262.180
NGC6033      306.230
PGC072803      247.300
UGC12482      326.590
NGC7194      288.390
NGC2795      227.030
NGC1223      233.940
NGC2804      205.230
IC1411      324.300
UGC10693      319.660
NGC3334      280.050
NGC5482      267.120
UGC04869      191.440
NGC3022      243.640
UGC02755      372.520
NGC4213      249.500
ESO243-045      245.760
ESO565-030      258.660
NGC6364      204.640
UGC03271      212.720
NGC4059      114.860
NGC5252      185.920
NGC4692      247.620
NGC6350      276.730
NGC4187      283.480
NGC3919      290.330
NGC4055      473.280
IC5362      249.960
NGC7010      228.920
NGC2759      279.800
NGC6196      423.370
NGC5029      212.800
NGC0967      275.970
NGC6329      351.350
NGC2994      175.450
ESO490-026      181.130
PGC065215      266.060
NGC1101      150.690
NGC7674      142.200
NGC4673      229.080
IC5358      213.850
NGC0215      271.770
NGC4922      215.190
NGC2800      259.610
NGC3940      208.470
IC0948      280.580
ESO386-011      249.900
NGC4816      240.180
NGC7735      283.760
ESO386-014      296.480
UGC04289      245.660
NGC6160      232.090
UGC01735      202.780
NGC1239      251.770
UGC06203      268.840
NGC3468      259.380
NGC4798      199.950
NGC6732      387.260
NGC2991      265.490
NGC2456      214.290
NGC5454      178.650
NGC4926      274.290
NGC2819      343.560
ESO505-014      298.540
NGC1284      279.730
NGC3609      206.510
NGC6079      282.490
NGC2178      311.170
ESO505-015      325.840
ESO440-025      272.900
NGC6086      322.850
NGC3406      323.660
NGC2996      204.750
NGC4556      223.750
IC0712      346.180
UGC00367      289.990
NGC3025      236.050
UGC03087      171.230
NGC5228      335.180
NGC7308      262.020
UGC09518      280.600
NGC3550      193.510
UGC03192      294.180
UGC08823      197.000
IC0989      175.290
PGC017033      305.100
ESO382-024      220.000
NGC4272      151.600
NGC6095      245.690
ESO205-027      320.060
UGC05477      201.280
NGC5710      223.790
IC1371      319.520
UGC10579      240.440
PGC095536      265.060
UGC05182      264.850
UGC02413      290.160
UGC06276      254.230
IC2476      178.760
NGC7236      213.540
UGC09602      373.280
ESO115-008      309.230
IC1042      137.680
IC1356      342.370
IC0708      271.890
ESO075-041      241.520
ESO440-032      239.330
PGC049240      249.000
ESO554-035      245.710
PGC029954      238.930
UGC09523      247.990
ESO286-059      233.280
PGC030432      272.910
NGC2675      262.880
NGC1500      263.900
ESO552-014      198.800
NGC0212      207.090
ESO112-008A      299.920
NGC6363      230.140
UGC04639      242.470
PGC045321      250.000
UGC09412      127.000
PGC056373      265.060
NGC7289      264.540
NGC3168      263.880
PGC009074      137.650
UGC06250      286.650
PGC009512      246.990
NGC6263      297.190
UGC08788      304.220
PGC031116      245.470
IC0664      337.270
NGC3467      209.920
NGC3570      255.890
NGC6109      204.820
NGC1506      238.030
NGC6075      260.040
UGC01318      296.190
IC1136      277.110
ESO545-017      271.640
IC5065      192.380
ESO290-004      237.730
PGC044774      338.390
PGC033931      281.650
PGC009202      286.150
UGC10512      192.050
