3.316090672204186 -0.2028596189593009 14.63 -25.88 NGC4594 230.91
3.271532416400771 0.13962634015954636 20.78 -26.2 NGC4472 281.28
0.8844281451556065 -0.6494021080820501 19.76 -25.9 NGC1316 224.54
3.332130248030014 0.2016378884829049 20.78 -25.86 NGC4649 329.05
3.252421061091433 0.31749284423028845 20.78 -25.45 NGC4382 175.42
2.541880069312022 -0.06455972903127025 27.41 -25.95 NGC2974 235.29
3.250954984519758 0.22492058070450927 20.78 -25.38 NGC4374 275.2
3.1024449184675604 -0.5027595443294866 24.86 -25.51 NGC3923 249.17
2.2913380551882354 -0.5898340207114837 30.14 -25.71 NGC2663 284.17
0.9444849247167315 -0.6104463591775366 26.5 -25.25 NGC1380 211.01
3.4899254657028216 -0.4783947479716457 29.96 -25.28 NGC5078 178.17
0.3699923481302779 0.16648695734773908 34.87 -25.58 NGC0524 236.64
3.354610088795701 -0.7210129672913774 57.72 -26.7 NGC4696 243.68
2.9232519641653028 -0.6551791479061514 39.56 -25.84 NGC3557 255.84
5.5807077365443885 -0.8475667913534862 31.25 -25.25 NGC7049 246.81
3.618294432187004 1.0505136767753869 34.21 -25.52 NGC5322 230.19
5.279184654969849 -0.8443902921148567 40.74 -25.75 NGC6868 251.72
3.498390312574994 -0.47876126711456457 29.96 -25.25 NGC5101 190.37
3.5911720156110123 -0.8407076473931485 42.91 -25.72 NGC5266 199.14
3.4959643049147218 -0.7627961495841217 63.29 -26.49 NGC5090 257.59
3.636585482747905 0.7030709825808757 41.12 -25.45 NGC5353 283.87
3.6810913786737602 -0.5930279732426333 57.52 -26.31 NGC5419 348.44
3.251967275485915 -0.6939429105929454 41.79 -25.48 NGC4373 237.11
5.267944734587005 -0.8442157591896572 40.74 -25.36 NGC6861 414.0
3.460185055248838 -0.34065336340425323 41.61 -25.4 NGC5018 208.19
2.733796473861318 -0.6971543164166151 39.24 -25.29 NGC3250 253.1
5.315923835724329 -1.236722854670662 59.43 -26.19 NGC6876 229.03
3.422084517677802 -0.532779207463789 44.65 -25.55 NGC4936 278.21
3.2621250917325217 -0.6865776211495294 41.79 -25.28 IC3370 195.81
3.0095584956764223 -0.6351427680932564 42.53 -25.27 NGC3706 255.65
5.2510499474277 -0.9764593566132675 70.12 -26.32 ESO185-054 268.22
0.2522698900832604 0.5297423345653189 70.27 -26.3 NGC0315 292.36
6.10969957953135 0.14322171841865466 47.96 -25.4 NGC7619 316.29
6.111741614756184 0.14341370463637407 47.96 -25.4 NGC7626 268.39
1.1853578147844688 -0.08876744575643161 63.77 -26.0 NGC1600 331.82
1.2956451702179905 -0.08492772140204408 54.42 -25.61 NGC1700 233.3
3.745598747827471 0.6369404572228107 51.05 -25.46 NGC5557 259.82
0.9881007027240697 -0.06927211801165493 56.36 -25.67 NGC1453 326.21
2.619023622250171 -0.34271285192160655 58.22 -25.75 NGC3091 312.84
3.6175788471936867 -0.5287649501842021 67.63 -26.12 IC4329 293.64
3.4595218301330806 -0.7521670944394762 63.5 -25.91 NGC5011 245.17
3.3798126431944993 -0.2193704336831673 68.37 -26.12 NGC4782 307.63
4.91879161772554 -1.1053344685805289 65.74 -25.96 IC4765 279.06
0.7123212276164458 0.5659230099591613 67.42 -26.01 NGC1060 287.88
4.2575910839000075 -1.0632371270224255 72.66 -26.15 ESO137-008 282.37
3.3767059571259495 -0.693140059137028 63.21 -25.82 NGC4767 208.47
4.2545193044164975 -1.0630276875121862 72.66 -26.14 ESO137-006 368.17
1.7792235460680592 1.2999561334704166 58.96 -25.67 NGC2258 287.28
0.6196616976280668 0.5806012289684337 56.83 -25.55 NGC0890 209.94
0.7612078999648069 0.7257079029792421 73.95 -26.14 NGC1129 325.25
3.7346206268324265 -0.8397651695970717 63.24 -25.77 NGC5516 309.01
0.8718094146636876 0.7245210790878861 77.54 -26.38 NGC1275 243.29
0.5076639195275906 0.0982445835947608 73.9 -26.07 NGC0741 286.77
6.091024556535011 0.11672762037338076 51.0 -25.25 NGC7562 253.16
2.778180196739534 -0.48045423648899904 53.67 -25.57 NGC3311 178.99
4.676662090596365 0.4026823650201317 61.41 -25.61 NGC6482 319.27
0.36505306634713397 0.5804266960432343 69.76 -25.94 NGC0507 291.9
0.5246808797345354 0.5485395306092978 72.23 -25.94 NGC0777 314.45
2.309786185381816 0.33292155481791835 61.51 -25.6 NGC2672 261.71
0.30970867576639377 0.5786115536211601 71.31 -25.91 NGC0410 290.96
3.329616973907142 -0.7218507253323347 57.72 -25.43 NGC4645A 218.24
3.334311909595007 -0.7286749627076325 57.72 -25.41 NGC4645 187.45
0.3752981490563407 -0.023474678439323732 74.0 -25.87 NGC0547 253.31
3.5752720661253443 -0.537107624008735 58.86 -25.46 ESO445-002 253.8
0.30511845983364866 -0.8016471787335154 102.94 -26.67 IC1633 356.58
6.262747501638733 0.10325367854798455 54.4 -25.25 NGC7785 253.1
3.374733735071196 -0.7191280116992237 57.72 -25.35 ESO323-034 232.85
4.257887789872846 -1.0612125450901122 72.66 -25.92 ESO137-010 221.73
5.6041126018136325 -0.7075215721734612 76.5 -25.98 IC5105 303.03
3.634159475087633 -0.49722685060066457 72.53 -25.84 NGC5328 314.6
4.8634123205597595 0.3998549316319009 64.81 -25.59 NGC6660 232.46
4.8951074997759765 -1.1146021669086188 65.74 -25.63 IC4742 218.22
3.407807724396488 -0.5662022626394805 74.74 -25.89 ESO443-024 276.07
0.12763592819834532 0.0499862297771176 60.59 -25.4 NGC0128 211.31
3.391192189917502 -0.23849924228502511 68.37 -25.69 NGC4825 307.61
5.3162205416971675 -0.7164576579436722 82.44 -26.11 IC4991 248.31
1.2002105667189404 1.2786631165960858 65.03 -25.56 NGC1573 288.81
4.41093571198023 -1.078840370535255 67.53 -25.63 PGC059108 488.65
5.578735514489635 0.46158722727494034 66.74 -25.59 NGC7052 280.68
3.4659446417804194 -0.8050331174823845 63.4 -25.52 PGC046029 141.79
0.5128824539910537 0.579606391294797 71.56 -25.73 NGC0750 207.61
3.3350100412958046 -0.7109075109223303 57.72 -25.29 NGC4650 135.07
3.632902838026197 0.014276793281313614 63.47 -25.36 IC0947 139.35
3.3733723782546403 -0.18315485170428494 63.29 -25.47 NGC4760 251.63
0.3731688473689076 0.030700341542580254 77.91 -26.05 NGC0533 271.9
0.6908362245243955 0.03698352684975985 95.17 -26.33 NGC1016 292.36
2.343052160924828 0.8961742110215284 70.6 -25.65 NGC2693 342.66
0.7928332660109442 0.6144606164571237 70.24 -25.66 NGC1167 204.29
0.8024500301894328 -0.20929988389916002 56.54 -25.2 NGC1200 203.6
3.3732676584995205 -0.1606401043535581 62.14 -25.35 NGC4761 249.51
4.417009457777169 -1.2064588454410803 70.87 -25.61 ESO069-014 234.0
0.06433283622851099 -0.1281944335589835 76.86 -25.87 NGC0050 264.24
0.21727603858077407 0.5633573759587297 66.69 -25.47 NGC0266 229.83
3.445192676974207 -0.9070301589689331 63.56 -25.35 IC4200 200.79
3.4065161807500126 0.6512696103816841 66.61 -25.48 NGC4912 223.8
5.239652947412177 -0.6732607589568127 85.83 -26.03 IC4931 288.46
1.7771291509656664 0.5858546700169366 73.79 -25.7 NGC2274 295.12
4.646764600509703 -1.0601129876613558 67.16 -25.5 NGC6407 267.26
0.06770132168486004 0.3024306527855774 77.71 -25.8 NGC0057 309.17
1.0834829463455597 -0.36742671412984623 60.61 -25.25 NGC1521 236.37
5.857586769080769 0.6319837221471467 82.82 -25.94 NGC7265 257.63
3.6185911381598435 -0.5289918429869613 67.63 -25.37 IC4329A 226.55
1.7768848048703871 1.2956800768030303 79.44 -25.88 NGC2256 221.31
4.3707407793068 -1.2107698086935064 70.87 -25.53 NGC6183 250.42
0.32196088711539395 -0.5540896776306398 81.68 -25.88 NGC0439 218.23
0.8698546459014539 0.7241545599449672 77.54 -25.81 NGC1272 290.75
3.37956829709922 -0.11971213339429106 64.9 -25.36 NGC4786 286.98
4.966980158373103 -1.0841636247538378 63.29 -25.31 IC4798 214.65
1.276359281983453 -0.05420992656694387 63.52 -25.34 NGC1684 291.9
0.36299357782978064 0.5839871677173026 69.76 -25.51 NGC0499 254.86
5.248152700869389 -0.9789551774436195 70.12 -25.53 NGC6848 182.23
2.4425010217034644 0.5890486225480862 105.25 -26.42 NGC2832 325.62
2.104919437782721 0.1643052957827462 70.84 -25.52 NGC2513 272.93
3.738861776914773 0.1886177322630272 105.83 -26.37 NGC5532 277.81
3.44733943195416 -0.8104785447486068 63.4 -25.27 ESO269-057 158.91
2.1724636798349017 0.40966368202810904 62.76 -25.24 NGC2554 187.17
5.337356478938819 -0.4837180021902284 81.97 -25.78 ESO462-015 290.53
3.4100941057166008 -0.5635842687614889 74.74 -25.55 IC3986 280.32
1.8574666564349651 0.8828049889512519 89.39 -25.93 NGC2320 314.26
2.6783822701104985 0.6765768845356018 103.43 -26.28 NGC3158 329.64
0.45786967596819245 0.18191566793536898 74.57 -25.52 NGC0665 179.34
5.226458258267099 -0.5552066883519162 86.33 -25.85 NGC6841 268.74
6.1320572472493975 0.49733157035578424 99.27 -26.14 UGC12591 286.68
5.286253238440425 -0.7957479658617748 74.4 -25.54 IC4956 236.47
5.652877101114354 0.6178116486209528 66.68 -25.26 IC1392 238.29
3.3841759663244853 -0.4681845718474789 69.64 -25.35 ESO507-045 310.74
0.700243549192645 -0.19683823303992048 65.43 -25.22 NGC1045 312.61
0.2924997293417297 -1.4016390156916063 72.1 -25.4 ESO013-012 127.06
3.6164443831798905 -0.5325174080759899 67.63 -25.33 NGC5302 222.51
5.166331665535895 -0.4956909608589095 87.65 -25.86 NGC6816 292.86
6.088005136929061 0.3309318794706448 72.66 -25.44 NGC7550 255.46
5.403260111494125 -0.9095085265067651 65.43 -25.21 NGC6935 133.68
6.0356103527841904 0.15488051782197682 69.89 -25.4 NGC7469 133.0
0.6068858875034683 -0.11852530950293493 73.15 -25.43 NGC0883 305.19
0.49396308489943513 -0.8649851772883898 88.17 -25.85 ESO197-010 258.75
0.5025151982342074 0.6157870666886393 76.56 -25.56 IC0171 182.52
1.8813776671872875 0.8757189521881548 89.39 -25.9 NGC2340 244.55
2.8380624433754593 -0.22418754241867164 70.3 -25.34 NGC3411 317.09
4.577824095055927 -1.089888304700379 69.68 -25.45 ESO138-029 177.46
3.708632674270231 0.30621801726240516 69.36 -25.3 NGC5490 274.09
3.1569690042998633 -0.7619060316656047 64.64 -25.23 ESO267-011 179.93
3.6477032300831085 -0.5295503483475995 69.56 -25.3 NGC5357 204.65
3.2522116215811936 -0.8285776090917879 74.89 -25.45 ESO268-004 286.86
4.301521021172705 -1.060339880464115 72.66 -25.4 ESO137-024 254.1
6.1077273574765965 0.7479259443571301 76.31 -25.46 NGC7618 297.85
0.09241518389309974 0.39020326086837226 81.86 -25.66 NGC0080 247.68
1.992398060906647 0.3121346834266659 71.96 -25.35 NGC2418 246.75
4.907167724907257 -1.2786805698886057 73.76 -25.41 NGC6653 217.06
5.172300691577716 -0.9659873811013016 68.85 -25.21 NGC6812 238.23
4.25663115281141 -1.05880399072236 72.66 -25.31 ESO137-007 214.01
2.1842621055783833 0.3677059668101654 71.67 -25.28 NGC2563 266.46
1.6693027097774567 0.9060004147102564 83.09 -25.61 NGC2208 224.82
3.503504127283337 -0.22628193752106482 77.54 -25.47 NGC5111 270.4
3.85054539574989 0.7302806656194674 76.81 -25.45 NGC5739 341.1
0.8222071573220088 0.07175048554948689 122.71 -26.44 NGC1218 264.57
3.6180326327992054 -0.12608258516407037 108.44 -26.23 NGC5306 297.8
5.08466770983508 -1.1145672603235788 78.29 -25.45 NGC6776 206.84
4.3307378328510895 1.4405598580110797 105.83 -26.13 NGC6251 314.05
0.3454355655547177 0.05761331860833282 78.1 -25.46 NGC0467 233.51
4.41995906421304 0.04190535534038385 104.84 -26.02 NGC6240 335.51
1.0191501101170488 -1.1522314655816166 80.39 -25.45 NGC1490 269.14
4.794960507296541 0.41287508785177857 71.97 -25.23 NGC6619 239.33
6.146107147727952 0.5657659303264818 71.17 -25.22 NGC7680 282.94
3.4634488209500676 -0.22762584104510045 92.6 -25.77 NGC5028 328.09
0.34723325468427185 -1.0214364914371614 74.2 -25.26 NGC0484 233.86
0.5434257159009545 -0.9105731773504816 85.38 -25.56 ESO197-021 263.03
0.18592992521495594 -0.026686084262993296 75.86 -25.32 NGC0227 249.84
0.8722457469766861 0.7254111970064032 77.54 -25.34 NGC1278 259.59
0.8583354728382914 0.7212573133866568 77.54 -25.36 IC0310 224.87
4.889836605434953 0.6333799855487422 78.03 -25.43 NGC6688 240.41
5.033215403486287 -0.8213868525735714 83.07 -25.48 ESO282-024 291.63
6.012484740195266 0.45640359939651715 106.59 -26.16 NGC7436 346.7
4.090056929001071 -0.2896548426609789 102.8 -25.98 NGC5959 292.17
1.8685145906000895 0.804876037849705 85.15 -25.53 UGC03683 290.86
5.920750234710444 0.6727895200587742 75.91 -25.26 NGC7330 259.42
0.775327613613441 0.10519099401769824 101.29 -26.11 3C075 298.83
5.532117770168866 -0.8234288877984047 74.06 -25.21 NGC7014 291.06
3.297310929452727 0.462913677506456 95.1 -25.73 NGC4555 349.95
0.8337786902627311 0.6176196624032334 85.69 -25.52 NGC1226 271.23
0.8052076504075839 0.7389549520018792 77.54 -25.25 NGC1175 227.31
4.73083711057827 -1.141619863729491 78.77 -25.31 NGC6502 245.47
4.805816455243947 -1.3366255010548174 81.25 -25.36 NGC6557 229.4
0.6524389809805202 -0.7471929060712924 75.99 -25.28 IC1812 226.63
0.2698453556508433 -0.11868238913561441 81.98 -25.32 NGC0349 92.44
3.5195611564016853 -0.21509437701578116 97.51 -25.73 NGC5146 314.05
5.865109138156865 0.6305176455754714 82.82 -25.39 NGC7274 296.01
0.935095053341002 0.6869092337074083 85.82 -25.45 UGC02783 299.23
0.6346366226101782 0.7299665063541083 79.8 -25.33 NGC0910 244.28
0.2993937798871073 0.691918328660632 87.17 -25.48 NGC0393 232.81
3.653113750764291 -0.4406258229584884 87.07 -25.44 IC4350 288.4
0.09325294193405703 0.3915471643924079 81.86 -25.3 NGC0083 249.89
3.50884483479444 0.24392721625872751 98.36 -25.73 NGC5129 264.77
3.392623359904138 0.49701741109042524 107.0 -25.93 NGC4841A 240.67
4.680519268243273 0.5207887955025879 109.17 -25.95 NGC6487 297.83
3.057363063888547 0.35505232973320644 99.39 -25.69 NGC3805 282.71
0.4304505534193615 -0.7422536242881485 90.71 -25.53 NGC0641 253.21
0.7667929535711887 -0.24797638012335435 120.3 -26.2 IC0270 267.07
0.7398625232129162 -0.5443507404045115 97.55 -25.7 IC1860 243.22
0.2954318824850802 -0.8186990455255001 94.82 -25.6 IC1625 230.32
0.7542614895418694 -0.0222529479629277 97.6 -25.71 NGC1132 235.61
3.3785909127181033 0.4724257219298251 119.5 -26.15 NGC4789 266.77
2.93642920001786 1.2719785055609476 100.97 -25.65 NGC3562 252.69
3.744394470643595 0.13201670462085108 113.5 -25.95 NGC5546 270.86
1.8724415814170765 0.8485092691495633 85.35 -25.28 NGC2329 233.88
2.415797484147951 0.5234766025506592 101.45 -25.72 NGC2783 289.04
2.7080528673944015 0.44514622572115375 94.61 -25.55 NGC3209 303.39
6.090064625446414 -0.04157374278250493 102.99 -25.83 NGC7556 267.86
5.20170948947382 -0.537997741927252 88.53 -25.36 ESO461-007 284.16
2.499678007998799 1.1801392803210058 97.74 -25.63 NGC2892 304.09
6.243810679254595 0.4738045320389006 114.72 -25.98 NGC7768 291.56
1.8743439903017503 0.8758411252357945 89.39 -25.39 NGC2332 228.66
4.1701151817900515 0.8354367530521257 91.48 -25.43 UGC10097 285.78
2.3804196602100265 -0.3352253894305509 82.08 -25.23 IC2437 232.27
4.3185903412572095 0.7123037743239258 131.73 -26.24 NGC6173 262.29
1.976934443733977 1.1358428239053897 97.18 -25.59 UGC03894 304.09
2.793591454034644 -0.8085761358639331 97.67 -25.58 PGC031755 284.48
1.7477028997770419 0.8744972217117588 84.45 -25.24 UGC03506 220.29
3.0699468877954263 0.15608479500585287 85.3 -25.27 IC0724 232.68
2.8595125398824695 0.13433799252600354 92.03 -25.46 NGC3462 217.66
0.24738296817767627 -0.924605624536516 111.12 -25.79 NGC0323 346.62
4.578714212974444 0.282865511870721 88.07 -25.35 NGC6375 219.79
4.441723319985409 0.48614400985050055 149.04 -26.49 NGC6269 321.45
3.402327390545226 -0.3870267616297426 104.73 -25.72 ESO575-043 231.5
4.517714955617242 1.0020109768624645 116.93 -25.95 NGC6338 348.39
1.263478752103735 0.0044156830075456534 90.31 -25.34 NGC1671 215.93
1.9431972292929267 0.3347017906549526 122.58 -26.02 UGC03840 318.42
3.9931737022228666 -0.2551147767640112 110.98 -25.81 NGC5883 287.15
1.0564128896471279 0.40374701586384826 89.97 -25.37 NGC1497 248.89
3.3920823078360196 0.4799306377134008 107.0 -25.95 NGC4839 277.88
5.2633021587767 -0.7015874527166805 86.57 -25.3 NGC6849 203.77
1.9168602108803323 0.8952142799329316 88.26 -25.31 UGC03792 184.13
3.7952882716317493 -0.519217999175793 102.18 -25.64 NGC5626 245.85
5.977909767713259 0.2041860691908166 99.06 -25.59 NGC7386 289.16
3.640390300517253 -0.4690397831809561 90.39 -25.31 ESO510-009 325.84
0.028256880589788196 -0.06485643500410929 88.47 -25.3 NGC7832 224.51
2.7945862917082804 0.16025613191811935 83.33 -25.24 NGC3332 221.31
0.7461980683976556 0.8195193502739374 118.34 -25.93 IC0260 329.32
2.958821774320947 0.40835468508911327 101.2 -25.58 NGC3615 259.47
5.5350150167271766 -0.519567065026192 84.95 -25.24 IC5086 221.82
3.7456685609975504 -0.4778536959035275 100.89 -25.59 ESO511-023 245.48
3.494061896030048 -0.24575981197332153 92.23 -25.35 NGC5094 349.95
3.1097927546184563 0.3600788779789501 101.19 -25.62 NGC3937 308.01
3.2138492846223583 0.5850692718535391 92.14 -25.32 NGC4227 266.25
3.5535776235230543 0.6054547175168329 113.08 -25.79 NGC5223 179.19
4.298623774614394 0.7137174910180412 132.72 -26.13 NGC6146 268.01
5.750510819470917 -0.5027246377444466 99.86 -25.52 ESO466-021 229.42
4.083861010156491 0.7590960515698938 88.43 -25.21 IC4562 263.63
0.2454980125855224 -0.921237139080167 111.12 -25.75 NGC0312 256.54
5.381373682674116 -0.4446226269455555 85.53 -25.25 NGC6924 236.05
5.5141408788733255 -0.8557349322528198 107.55 -25.69 NGC7002 250.62
0.5344547235457036 0.3206693434689182 117.5 -25.85 NGC0794 259.21
1.6643459747017926 -0.490629506028126 95.79 -25.39 ESO425-019 248.59
3.0813962476885086 0.35590754106668365 99.39 -25.59 NGC3884 208.89
1.8164165124280585 0.7940026366097804 89.28 -25.25 NGC2303 257.63
3.8894138781918035 -0.6629807696625659 104.4 -25.59 ESO327-023 267.92
0.5871287603708925 -0.013386675362796507 112.64 -25.73 NGC0863 187.11
4.210362474341041 0.4177096498798029 136.83 -26.21 NGC6051 332.5
2.1020920043944904 0.9870360518803531 124.94 -25.93 NGC2488 314.77
3.409657773403602 0.4867025152111387 84.75 -25.33 NGC4921 182.23
4.760211001889335 0.5430766500505556 99.89 -25.46 NGC6575 306.2
2.788983784809379 -0.8053123701627035 97.67 -25.39 ESO264-024 230.3
0.5161985795698429 -0.9462477072612457 91.09 -25.22 ESO153-003 249.46
4.289373529578824 0.6618637589412896 142.09 -26.22 NGC6137 286.32
4.655037461164156 0.36234780600654276 90.83 -25.24 NGC6442 239.76
0.26082200341803263 -0.703961100499393 99.94 -25.45 IC1609 209.89
0.5474923330581012 0.23129103247428856 110.99 -25.69 NGC0810 258.97
4.148333472725162 -0.13194689145077132 120.15 -25.84 PGC056180 231.93
3.543995765929606 -0.15334462808022178 96.01 -25.32 NGC5203 227.83
2.512104752272998 0.5533566393448022 96.51 -25.36 NGC2918 258.23
2.7949353575586797 -0.8061850347887008 97.67 -25.39 ESO264-031 249.53
5.097600599592359 -0.5153782748214055 109.65 -25.69 ESO460-004 319.15
2.0921959875356824 0.4716926836439875 97.77 -25.37 NGC2492 242.66
0.041852995462824026 -0.5633399226662098 109.03 -25.64 IC1531 224.06
3.796195842842786 0.6346191693176582 122.7 -25.84 NGC5654 220.85
3.842848493748595 0.06047565858160352 120.43 -25.9 NGC5718 208.8
3.8616805963776137 -0.24342107077564912 102.4 -25.46 NGC5745 157.43
2.5258928533637537 -0.08463101542920504 100.47 -25.57 PGC027509 199.22
2.667369242530414 -0.30026644451310447 129.24 -25.99 PGC029675 276.26
1.616803205877467 -1.0914940076122137 119.36 -25.76 NGC2205 254.76
4.694097929823789 1.0927855512586897 118.47 -25.8 NGC6521 271.64
1.120099954052401 -0.2129301687433082 127.56 -25.94 IC0362 253.31
2.647943727955717 0.25087362668166496 126.07 -25.9 NGC3121 254.5
1.3815153694161115 0.11253883016859438 117.51 -25.59 PGC075312 222.15
3.593423490346085 -0.6662968952413553 145.26 -26.18 ESO325-004 344.22
2.352424579008037 0.19458675830484778 127.07 -25.86 NGC2720 319.15
3.369096321587254 -0.3816162409485601 99.27 -25.31 ESO575-013 286.72
4.177899350253947 1.2337557949422715 112.96 -25.64 NGC6048 297.85
4.264432774567825 0.6091548155310609 131.3 -26.22 NGC6107 240.92
6.2460097941121075 -0.2335599605018812 100.24 -25.34 NGC7761 162.18
6.253549616480723 0.49363147234155624 97.66 -25.26 NGC7777 281.84
3.631017882434043 0.04057890510886816 101.56 -25.36 NGC5329 242.95
0.6511474373340445 0.40287435123785104 128.85 -25.86 IC1803 374.5
4.667778364703715 1.257003580578836 109.1 -25.51 NGC6508 316.96
3.1594997317152553 0.3531673741410526 107.23 -25.48 NGC4065 257.76
3.6678966895286833 -0.04988151002199794 106.37 -25.52 NGC5400 360.63
3.085270878627936 0.34622096371811517 99.39 -25.27 NGC3886 262.18
6.257738406685508 0.006684611035138282 111.93 -25.53 PGC072803 247.3
6.098023326835508 0.5064770956362344 97.91 -25.27 UGC12482 326.59
5.774927975706318 0.22055725757452344 114.89 -25.65 NGC7194 288.39
2.426286912952437 0.3076666405415604 127.34 -25.86 NGC2795 227.03
0.8217533717164901 -0.07222172444752535 122.08 -25.73 NGC1223 233.94
2.429637945116266 0.3525216023178147 122.68 -25.77 NGC2804 205.23
5.742185598938904 -0.026476644752753978 114.93 -25.57 IC1411 324.3
4.4719000627523915 0.730699544639946 119.33 -25.69 UGC10693 319.66
2.7991590543485056 0.6512347037966443 102.94 -25.34 NGC3334 280.05
3.702332035670531 0.15589280878813352 109.29 -25.47 NGC5482 267.12
2.4197768348424984 0.5260596898436108 101.45 -25.31 UGC04869 191.44
2.5728422102424013 -0.090181162450547 94.9 -25.3 NGC3022 243.64
0.9136624101265115 0.6945014159535836 102.61 -25.32 UGC02755 372.52
3.209765214172692 0.4185648612132801 101.56 -25.44 NGC4213 249.5
0.30140090852690077 -0.7988895585153645 110.66 -25.51 ESO243-045 245.76
2.522105488886926 -0.35506978302572645 143.97 -26.09 ESO565-030 258.66
4.557299023052473 0.5129522671611335 98.2 -25.23 NGC6364 204.64
1.3796478671164776 -0.002617993877991494 140.1 -25.93 UGC03271 212.72
3.159866250858174 0.35622170033204265 107.23 -25.41 NGC4059 114.86
3.5703502376347203 0.07929030791810239 103.85 -25.33 NGC5252 185.92
3.3506830979787137 0.47511352897789644 109.04 -25.43 NGC4692 247.62
4.532201188408795 0.7276975783265158 139.51 -25.98 NGC6350 276.73
3.200445155967042 0.8856149690469627 131.71 -25.84 NGC4187 283.48
3.100978841895885 0.3493276497866651 101.19 -25.25 NGC3919 290.33
3.159150665864856 0.35311501426349273 107.23 -25.4 NGC4055 473.28
6.246585752765266 -0.4950626423281915 118.4 -25.66 IC5362 249.96
5.518120229567872 -0.21533872311106037 121.23 -25.66 NGC7010 228.92
2.3938063355728225 0.6566103178927868 104.41 -25.3 NGC2759 279.8
4.354160151412853 0.6295926210719145 140.63 -25.94 NGC6196 423.37
3.4584746325818836 0.8214043058660914 124.2 -25.71 NGC5029 212.8
0.6641501402614022 -0.3004933373158637 123.84 -25.71 NGC0967 275.97
4.512775673834098 0.7624470837337229 124.71 -25.64 NGC6329 351.35
2.5624400479005147 0.3855432317655474 105.96 -25.28 NGC2994 175.45
1.746184463327807 -0.4519530098039316 110.59 -25.38 ESO490-026 181.13
5.418409569401436 -0.2416757415236548 119.74 -25.61 PGC065215 266.06
0.7341203899738549 0.07990117315630041 101.33 -25.26 NGC1101 150.69
3.340472921854547 0.4723035488821855 109.04 -25.32 NGC4673 229.08
6.22974332548352 -0.49115310480372426 122.16 -25.86 IC5358 213.85
0.1780933968735014 -0.9811193857160924 119.43 -25.56 NGC0215 271.77
3.4095356003559627 0.5115210971744981 107.0 -25.32 NGC4922 215.19
2.437299940532521 0.9165422033923023 108.89 -25.47 NGC2800 259.61
3.110054554006256 0.36632715670108984 101.19 -25.29 NGC3940 208.47
3.632222159617919 0.24593434489852095 105.67 -25.24 IC0948 280.58
3.850231236484531 -0.6383018140393663 109.94 -25.32 ESO386-011 249.9
3.3868288667875164 0.48425905425834664 107.0 -25.44 NGC4816 240.18
6.205902127901277 0.45783476938315254 137.09 -25.86 NGC7735 283.76
3.8533902824306403 -0.6368531907602109 109.94 -25.32 ESO386-014 296.48
2.163108715044212 1.0178934730556128 118.0 -25.55 UGC04289 245.66
4.309584442316918 0.7143109029637192 135.87 -25.89 NGC6160 232.09
0.5918411493512771 0.6200107634784656 116.07 -25.45 UGC01735 202.78
0.8329409322217738 -0.044558255803415235 117.67 -25.61 NGC1239 251.77
2.922292033076706 0.3797661919414462 136.31 -25.99 UGC06203 268.84
2.868972224428279 0.7146425155215982 107.44 -25.27 NGC3468 259.38
3.3812263598886143 0.4784471078492056 107.0 -25.26 NGC4798 199.95
4.958480404915891 0.91416855560959 115.81 -25.4 NGC6732 387.26
2.560555092308361 0.3842167815340317 106.5 -25.41 NGC2991 265.49
2.068983108484158 0.9685704683942531 105.17 -25.29 NGC2456 214.29
3.6859783005793445 0.2510132530218245 108.61 -25.42 NGC5454 178.65
3.4116649020433956 0.48212975257091356 107.0 -25.26 NGC4926 274.29
2.4354149849403672 0.2827084322380415 130.27 -25.71 NGC2819 343.56
3.1725198879351324 -0.48338638963234953 107.37 -25.28 ESO505-014 298.54
0.8628907821859965 -0.17957692673769657 128.36 -25.77 NGC1284 279.73
4.208372798993768 1.2159010766943696 112.96 -25.34 NGC6079 282.49
1.582978724973817 -1.1128917442416644 115.13 -25.38 NGC2178 311.17
3.172711874152852 -0.4484274447149031 107.4 -25.35 ESO505-015 325.84
3.1116428036255703 -0.5683839242044734 116.91 -25.45 ESO440-025 272.9
4.243733169639173 0.514610329950528 136.41 -25.71 NGC6086 322.85
2.8436998568594007 0.8905018909525468 107.01 -25.27 NGC3406 323.66
2.5591064690292056 -0.37650242624021674 124.87 -25.48 NGC2996 204.75
3.2976425420106064 0.4696506484191541 106.06 -25.23 NGC4556 223.75
3.03174163046927 0.8565552370012571 143.03 -25.89 IC0712 346.18
0.16184438153743416 0.44853216447002275 136.4 -25.96 UGC00367 289.99
2.5721091719565634 -0.37946948596860713 120.84 -25.57 NGC3025 236.05
1.1919900659420475 0.09344492815177641 141.37 -25.66 UGC03087 171.23
3.554293208516372 0.6069906072585879 113.08 -25.27 NGC5228 335.18
5.910278259198479 -0.22574088545294657 106.66 -25.2 NGC7308 262.02
3.867492542786755 0.5721189288037413 124.49 -25.5 UGC09518 280.6
2.926219023893693 0.5020963192137288 149.0 -25.92 NGC3550 193.51
1.277668278922449 0.021973695282608608 127.4 -25.49 UGC03192 294.18
3.6348925133734706 1.20965279797223 130.41 -25.5 UGC08823 197.0
3.7300129576071615 0.054646258879942455 116.3 -25.75 IC0989 175.29
1.3828069130625873 0.11437142588318841 138.28 -25.69 PGC017033 305.1
3.4704126846655248 -0.609713320891699 113.59 -25.28 ESO382-024 220.0
3.2279689982709927 0.5295154417625596 120.66 -25.42 NGC4272 151.6
4.237589610672153 1.0693283261118858 132.06 -25.66 NGC6095 245.69
1.6129111216455196 -0.8311781496772596 130.37 -25.48 ESO205-027 320.06
2.6581713573724035 0.2618866542617492 131.09 -25.58 UGC05477 201.28
3.8365478551488956 0.3498337952697434 128.86 -25.54 NGC5710 223.79
5.586188070395651 -0.08511970761976345 130.03 -25.5 IC1371 319.52
4.406659655312843 0.9416749446210205 133.3 -25.51 UGC10579 240.44
3.64435219791928 0.43723988420961946 136.62 -25.59 PGC095536 265.06
2.541269204073824 0.07475245186291714 123.67 -25.43 UGC05182 264.85
0.7700392659798981 0.2777866037474175 148.16 -25.81 UGC02413 290.16
2.9459761510262688 0.5416454800639202 116.6 -25.26 UGC06276 254.23
2.4778439390563496 0.5233544295030197 114.19 -25.26 IC2476 178.76
5.823954274394838 0.2416757415236548 110.99 -25.38 NGC7236 213.54
3.909188458616899 0.20701350257904744 135.66 -25.61 UGC09602 373.28
0.6299765935073532 -1.0192199232871286 132.2 -25.43 ESO115-008 309.23
3.842569241068276 0.06056292504420324 120.43 -25.4 IC1042 137.68
5.510370967689017 -0.27595400803282344 120.99 -25.34 IC1356 342.37
3.028093892332602 0.8562934376134579 143.03 -25.69 IC0708 271.89
5.7469328945043285 -1.2163199557148483 120.0 -25.36 ESO075-041 241.52
3.1271587806758 -0.5652423315508837 120.27 -25.38 ESO440-032 239.33
3.6263229467461784 0.43797292249545705 136.62 -25.52 PGC049240 249.0
1.5175288780240295 -0.3467445624937135 121.44 -25.29 ESO554-035 245.71
2.6865329577173114 -0.6006201554888085 123.94 -25.27 PGC029954 238.93
3.8707214019029443 0.20235347347622257 135.87 -25.5 UGC09523 247.99
5.535538615502776 -0.7589738785222541 132.46 -25.41 ESO286-059 233.28
2.7200781859406424 0.22401300949347222 144.11 -25.7 PGC030432 272.91
2.3216544242953767 0.9357931850417996 132.9 -25.52 NGC2675 262.88
1.0394831959027828 -0.9132958909835928 144.49 -25.74 NGC1500 263.9
1.2712280139825898 -0.3054849789765675 135.21 -25.53 ESO552-014 198.8
0.17551030958054978 -0.9800547348723758 119.43 -25.3 NGC0212 207.09
0.15641640756373182 -1.0418568436854951 143.33 -25.59 ESO112-008A 299.92
4.549497401296058 0.7173652291547092 127.31 -25.32 NGC6363 230.14
2.3210435590571787 0.29574604175043917 122.13 -25.23 UGC04639 242.47
3.4292752741960184 0.9365262233276372 133.27 -25.41 PGC045321 250.0
3.8238767647794165 1.026148880417546 134.71 -25.3 UGC09412 127.0
4.167113215476622 0.7256729963942024 143.73 -25.59 PGC056373 265.06
5.887588978922552 -0.6191031922674286 121.23 -25.21 NGC7289 264.54
2.6894825641531823 1.0512990749387845 134.27 -25.47 NGC3168 263.88
0.6255609104998076 0.5619436592646143 144.37 -25.42 PGC009074 137.65
2.9372669580588173 0.4855156913197826 133.81 -25.42 UGC06250 286.65
0.6540970437699148 0.4031186973331303 128.85 -25.35 PGC009512 246.99
4.436277892719187 0.4855855044898624 147.34 -25.61 NGC6263 297.19
3.633007557781317 0.4319515365760766 136.62 -25.39 UGC08788 304.22
2.7585103360695578 -0.1612509695917561 131.59 -25.28 PGC031116 245.47
2.883091938076913 0.1841845959629616 144.93 -25.58 IC0664 337.27
2.86555137909437 0.17032668170212661 134.77 -25.26 NGC3467 209.92
2.932397489445753 0.48153634062523554 149.87 -25.54 NGC3570 255.89
4.265916304432021 0.6109350513680951 133.43 -25.31 NGC6109 204.82
1.0487683475233927 -0.9175894009434988 146.73 -25.43 NGC1506 238.03
4.2384273687131095 0.4182681552404411 137.34 -25.29 NGC6075 260.04
0.4860392900953809 0.5764997052262469 148.73 -25.6 UGC01318 296.19
4.1345628249269275 -0.02696533694331239 135.14 -25.21 IC1136 277.11
0.6415655797405956 -0.3360456941789882 139.36 -25.31 ESO545-017 271.64
5.461850814483574 -0.5209284218427476 139.9 -25.39 IC5065 192.38
5.945621176551363 -0.7489033287382468 135.14 -25.23 ESO290-004 237.73
3.405643516124015 -0.772220927544891 137.77 -25.28 PGC044774 338.39
2.926219023893693 0.4942248842872343 147.17 -25.37 PGC033931 281.65
0.634671529195218 0.648808696136372 142.99 -25.27 PGC009202 286.15
4.371107298449719 0.6978524481174128 138.47 -25.23 UGC10512 192.05
